<?xml version="1.0" encoding="UTF-8"?>
<!-- Generated by org.testng.reporters.JUnitReportReporter -->
<testsuite skipped="0" hostname="HDC2-D-CBTPXJ2" name="selenium.demo.BrowserTest" tests="1" failures="0" timestamp="19 Feb 2019 05:31:36 GMT" time="17.640" errors="0">
  <testcase name="ChromeTest" time="17.640" classname="selenium.demo.BrowserTest"/>
</testsuite> <!-- selenium.demo.BrowserTest -->
