<?xml version="1.0" encoding="UTF-8"?>
<!-- Generated by org.testng.reporters.JUnitReportReporter -->
<testsuite skipped="0" hostname="HDC2-D-CBTPXJ2" name="uitest.FillFormTest" tests="1" failures="0" timestamp="19 Feb 2019 07:10:43 GMT" time="23.851" errors="0">
  <testcase name="fillForm" time="23.851" classname="uitest.FillFormTest"/>
</testsuite> <!-- uitest.FillFormTest -->
