<?xml version="1.0" encoding="UTF-8"?>
<!-- Generated by org.testng.reporters.JUnitReportReporter -->
<testsuite skipped="0" hostname="HDC2-D-CBTPXJ2" name="uitest.RegisterTestMeAppTest" tests="1" failures="0" timestamp="19 Feb 2019 10:57:20 GMT" time="31.356" errors="0">
  <testcase name="signUpTestMeApp" time="31.356" classname="uitest.RegisterTestMeAppTest"/>
</testsuite> <!-- uitest.RegisterTestMeAppTest -->
