<?xml version="1.0" encoding="UTF-8"?>
<!-- Generated by org.testng.reporters.JUnitReportReporter -->
<testsuite skipped="0" hostname="HDC2-D-CBTPXJ2" name="uitest.TestMeAppLogoutTest" tests="1" failures="0" timestamp="20 Feb 2019 07:33:55 GMT" time="0.956" errors="0">
  <testcase name="logoutTestMeApp" time="0.956" classname="uitest.TestMeAppLogoutTest"/>
</testsuite> <!-- uitest.TestMeAppLogoutTest -->
