<?xml version="1.0" encoding="UTF-8"?>
<!-- Generated by org.testng.reporters.JUnitReportReporter -->
<testsuite skipped="0" hostname="HDC2-D-CBTPXJ2" name="uitest.TestMeAppLoginTest" tests="1" failures="0" timestamp="20 Feb 2019 07:14:02 GMT" time="8.859" errors="0">
  <testcase name="loginTestMeApp" time="8.859" classname="uitest.TestMeAppLoginTest"/>
</testsuite> <!-- uitest.TestMeAppLoginTest -->
