<?xml version="1.0" encoding="UTF-8"?>
<!-- Generated by org.testng.reporters.JUnitReportReporter -->
<testsuite skipped="0" hostname="HDC2-D-CBTPXJ2" name="selenium.demo.TestNGAnnotation" tests="2" failures="0" timestamp="19 Feb 2019 04:34:18 GMT" time="0.011" errors="0">
  <testcase name="AccentureTest" time="0.008" classname="selenium.demo.TestNGAnnotation"/>
  <testcase name="LinkedInTest" time="0.003" classname="selenium.demo.TestNGAnnotation"/>
</testsuite> <!-- selenium.demo.TestNGAnnotation -->
