<?xml version="1.0" encoding="UTF-8"?>
<!-- Generated by org.testng.reporters.JUnitReportReporter -->
<testsuite skipped="0" hostname="HDC2-D-CBTPXJ2" name="selenium.demo.DataProvideDemo" tests="2" failures="0" timestamp="19 Feb 2019 04:57:25 GMT" time="0.011" errors="0">
  <testcase name="f" time="0.010" classname="selenium.demo.DataProvideDemo"/>
  <testcase name="f" time="0.001" classname="selenium.demo.DataProvideDemo"/>
</testsuite> <!-- selenium.demo.DataProvideDemo -->
