<?xml version="1.0" encoding="UTF-8"?>
<!-- Generated by org.testng.reporters.JUnitReportReporter -->
<testsuite skipped="1" hostname="HDC2-D-CBTPXJ2" name="selenium.demo.BrowserTest" tests="2" failures="0" timestamp="19 Feb 2019 04:22:55 GMT" time="0.005" errors="0">
  <testcase name="AccentureTest" time="0.005" classname="selenium.demo.BrowserTest"/>
  <testcase name="LinkedInTest" classname="selenium.demo.BrowserTest">
    <skipped/>
  </testcase> <!-- LinkedInTest -->
</testsuite> <!-- selenium.demo.BrowserTest -->
