<?xml version="1.0" encoding="UTF-8"?>
<!-- Generated by org.testng.reporters.JUnitReportReporter -->
<testsuite skipped="0" hostname="HDC2-D-CBTPXJ2" name="uitest.CaseStudyTest" tests="1" failures="0" timestamp="20 Feb 2019 10:21:56 GMT" time="27.921" errors="0">
  <testcase name="productPurchase" time="27.921" classname="uitest.CaseStudyTest"/>
</testsuite> <!-- uitest.CaseStudyTest -->
