<?xml version="1.0" encoding="UTF-8"?>
<!-- Generated by org.testng.reporters.JUnitReportReporter -->
<testsuite skipped="0" hostname="HDC2-D-CBTPXJ2" name="uitest.TestMeAppContactUsWinFramesTest" tests="1" failures="0" timestamp="20 Feb 2019 07:44:33 GMT" time="11.456" errors="0">
  <testcase name="winFrames" time="11.456" classname="uitest.TestMeAppContactUsWinFramesTest"/>
</testsuite> <!-- uitest.TestMeAppContactUsWinFramesTest -->
