<?xml version="1.0" encoding="UTF-8"?>
<!-- Generated by org.testng.reporters.JUnitReportReporter -->
<testsuite skipped="1" hostname="HDC2-D-CBTPXJ2" name="uitest.RegisterTestMeAppTest" tests="3" failures="0" timestamp="20 Feb 2019 06:55:41 GMT" time="9.856" errors="0">
  <testcase name="loginTestMeApp" time="8.828" classname="uitest.RegisterTestMeAppTest"/>
  <testcase name="logoutTestMeApp" time="1.028" classname="uitest.RegisterTestMeAppTest"/>
  <testcase name="signUpTestMeApp" classname="uitest.RegisterTestMeAppTest">
    <skipped/>
  </testcase> <!-- signUpTestMeApp -->
</testsuite> <!-- uitest.RegisterTestMeAppTest -->
